
> dompetku@0.1.0 build
> next build

⚠ Warning: Next.js inferred your workspace root, but it may not be correct.
 We detected multiple lockfiles and selected the directory of C:\Users\MyBook Z Series\package-lock.json as the root directory.
 To silence this warning, set `turbopack.root` in your Next.js config, or consider removing one of the lockfiles if it's not needed.
   See https://nextjs.org/docs/app/api-reference/config/next-config-js/turbopack#root-directory for more information.
 Detected additional lockfiles: 
   * C:\Users\MyBook Z Series\Documents\dompetku\package-lock.json

▲ Next.js 16.1.1 (Turbopack)
- Environments: .env

  Creating an optimized production build ...
✓ Compiled successfully in 16.2s
  Running TypeScript ...
Failed to compile.

./src/components/credit-card/payment-dialog.tsx:93:46
Type error: No overload matches this call.
  Overload 1 of 2, '(predicate: (value: { id: string; nama: string; tipe: string; saldoAwal: bigint; saldoSekarang: bigint; limitKredit: bigint | null; icon: string | null; warna: string | null; templateId: string | null; ... 20 more ...; updatedAt: Date; }, index: number, array: { ...; }[]) => value is { ...; }, thisArg?: any): { ...; }[]', gave the following error.
    Argument of type '(a: AccountDTO) => boolean' is not assignable to parameter of type '(value: { id: string; nama: string; tipe: string; saldoAwal: bigint; saldoSekarang: bigint; limitKredit: bigint | null; icon: string | null; warna: string | null; templateId: string | null; templateSource: string | null; ... 19 more ...; updatedAt: Date; }, index: number, array: { ...; }[]) => value is { ...; }'.
      Types of parameters 'a' and 'value' are incompatible.
        Type '{ id: string; nama: string; tipe: string; saldoAwal: bigint; saldoSekarang: bigint; limitKredit: bigint | null; icon: string | null; warna: string | null; templateId: string | null; templateSource: string | null; ... 19 more ...; updatedAt: Date; }' is not assignable to type 'AccountDTO'.
          Types of property 'saldoSekarang' are incompatible.
            Type 'bigint' is not assignable to type 'number'.
  Overload 2 of 2, '(predicate: (value: { id: string; nama: string; tipe: string; saldoAwal: bigint; saldoSekarang: bigint; limitKredit: bigint | null; icon: string | null; warna: string | null; templateId: string | null; ... 20 more ...; updatedAt: Date; }, index: number, array: { ...; }[]) => unknown, thisArg?: any): { ...; }[]', gave the following error.
    Argument of type '(a: AccountDTO) => boolean' is not assignable to parameter of type '(value: { id: string; nama: string; tipe: string; saldoAwal: bigint; saldoSekarang: bigint; limitKredit: bigint | null; icon: string | null; warna: string | null; templateId: string | null; templateSource: string | null; ... 19 more ...; updatedAt: Date; }, index: number, array: { ...; }[]) => unknown'.
      Types of parameters 'a' and 'value' are incompatible.
        Type '{ id: string; nama: string; tipe: string; saldoAwal: bigint; saldoSekarang: bigint; limitKredit: bigint | null; icon: string | null; warna: string | null; templateId: string | null; templateSource: string | null; ... 19 more ...; updatedAt: Date; }' is not assignable to type 'AccountDTO'.
          Types of property 'saldoSekarang' are incompatible.
            Type 'bigint' is not assignable to type 'number'.

  91 |             // Load accounts
  92 |             getAkun().then((akuns) => {
> 93 |                 const sources = akuns.filter((a: AccountDTO) =>
     |                                              ^
  94 |                     ["BANK", "E_WALLET", "CASH"].includes(a.tipe) && a.id !== akunId
  95 |                 )
  96 |                 setSourceList(sources)
Next.js build worker exited with code: 1 and signal: null
