
> dompetku@0.1.0 build
> next build

⚠ Warning: Next.js inferred your workspace root, but it may not be correct.
 We detected multiple lockfiles and selected the directory of C:\Users\MyBook Z Series\package-lock.json as the root directory.
 To silence this warning, set `turbopack.root` in your Next.js config, or consider removing one of the lockfiles if it's not needed.
   See https://nextjs.org/docs/app/api-reference/config/next-config-js/turbopack#root-directory for more information.
 Detected additional lockfiles: 
   * C:\Users\MyBook Z Series\Documents\dompetku\package-lock.json

▲ Next.js 16.1.1 (Turbopack)
- Environments: .env

  Creating an optimized production build ...
✓ Compiled successfully in 7.1s
  Running TypeScript ...
  Collecting page data using 7 workers ...
  Generating static pages using 7 workers (0/22) ...
  Generating static pages using 7 workers (5/22) 
  Generating static pages using 7 workers (10/22) 
  Generating static pages using 7 workers (16/22) 
✓ Generating static pages using 7 workers (22/22) in 882.5ms
  Finalizing page optimization ...

Route (app)
┌ ○ /
├ ○ /_not-found
├ ○ /akun
├ ○ /akun/detail
├ ○ /anggaran
├ ○ /cicilan
├ ○ /debug-automation
├ ○ /devdb
├ ○ /kalender
├ ○ /laporan
├ ○ /laporan/perbandingan
├ ○ /notifications
├ ○ /pengaturan
├ ○ /pengaturan/verify-balance
├ ○ /recurring
├ ○ /statistik
├ ○ /statistik/heatmap
├ ○ /template
├ ○ /template-akun
└ ○ /transaksi


○  (Static)  prerendered as static content

